# JRE version: Java(TM) SE Runtime Environment (8.0_202-b08) (build 1.8.0_202-b08)
# Java VM: Java HotSpot(TM) 64-Bit Server VM (25.202-b08 mixed mode bsd-amd64 compressed oops)
Heap:
 PSYoungGen      total 119296K, used 73002K [0x000000076ab00000, 0x0000000772d80000, 0x00000007c0000000)
  eden space 111104K, 58% used [0x000000076ab00000,0x000000076eabe830,0x0000000771780000)
  from space 8192K, 94% used [0x0000000772580000,0x0000000772d0c010,0x0000000772d80000)
  to   space 10752K, 0% used [0x0000000771880000,0x0000000771880000,0x0000000772300000)
 ParOldGen       total 90624K, used 21305K [0x00000006c0000000, 0x00000006c5880000, 0x000000076ab00000)
  object space 90624K, 23% used [0x00000006c0000000,0x00000006c14ce770,0x00000006c5880000)
 Metaspace       used 23818K, capacity 25254K, committed 25520K, reserved 1071104K
  class space    used 3103K, capacity 3412K, committed 3504K, reserved 1048576K
GC Heap History (10 events):
Event: 4.590 GC heap before
{Heap before GC invocations=1 (full 0):
 PSYoungGen      total 76288K, used 65536K [0x000000076ab00000, 0x0000000770000000, 0x00000007c0000000)
  eden space 65536K, 100% used [0x000000076ab00000,0x000000076eb00000,0x000000076eb00000)
  from space 10752K, 0% used [0x000000076f580000,0x000000076f580000,0x0000000770000000)
  to   space 10752K, 0% used [0x000000076eb00000,0x000000076eb00000,0x000000076f580000)
 ParOldGen       total 175104K, used 0K [0x00000006c0000000, 0x00000006cab00000, 0x000000076ab00000)
  object space 175104K, 0% used [0x00000006c0000000,0x00000006c0000000,0x00000006cab00000)
 Metaspace       used 19761K, capacity 20790K, committed 20992K, reserved 1067008K
  class space    used 2811K, capacity 3062K, committed 3072K, reserved 1048576K
Event: 4.635 GC heap after
Heap after GC invocations=1 (full 0):
 PSYoungGen      total 76288K, used 10728K [0x000000076ab00000, 0x0000000770000000, 0x00000007c0000000)
  eden space 65536K, 0% used [0x000000076ab00000,0x000000076ab00000,0x000000076eb00000)
  from space 10752K, 99% used [0x000000076eb00000,0x000000076f57a050,0x000000076f580000)
  to   space 10752K, 0% used [0x000000076f580000,0x000000076f580000,0x0000000770000000)
 ParOldGen       total 175104K, used 1378K [0x00000006c0000000, 0x00000006cab00000, 0x000000076ab00000)
  object space 175104K, 0% used [0x00000006c0000000,0x00000006c0158850,0x00000006cab00000)
 Metaspace       used 19761K, capacity 20790K, committed 20992K, reserved 1067008K
  class space    used 2811K, capacity 3062K, committed 3072K, reserved 1048576K
}
Event: 6.227 GC heap before
{Heap before GC invocations=2 (full 0):
 PSYoungGen      total 76288K, used 16601K [0x000000076ab00000, 0x0000000770000000, 0x00000007c0000000)
  eden space 65536K, 8% used [0x000000076ab00000,0x000000076b0bc758,0x000000076eb00000)
  from space 10752K, 99% used [0x000000076eb00000,0x000000076f57a050,0x000000076f580000)
  to   space 10752K, 0% used [0x000000076f580000,0x000000076f580000,0x0000000770000000)
 ParOldGen       total 175104K, used 1378K [0x00000006c0000000, 0x00000006cab00000, 0x000000076ab00000)
  object space 175104K, 0% used [0x00000006c0000000,0x00000006c0158850,0x00000006cab00000)
 Metaspace       used 20232K, capacity 21276K, committed 21296K, reserved 1067008K
  class space    used 2833K, capacity 3111K, committed 3120K, reserved 1048576K
Event: 6.267 GC heap after
Heap after GC invocations=2 (full 0):
 PSYoungGen      total 76288K, used 9636K [0x000000076ab00000, 0x0000000774000000, 0x00000007c0000000)
  eden space 65536K, 0% used [0x000000076ab00000,0x000000076ab00000,0x000000076eb00000)
  from space 10752K, 89% used [0x000000076f580000,0x000000076fee9070,0x0000000770000000)
  to   space 10752K, 0% used [0x000000076eb00000,0x000000076eb00000,0x000000076f580000)
 ParOldGen       total 175104K, used 3262K [0x00000006c0000000, 0x00000006cab00000, 0x000000076ab00000)
  object space 175104K, 1% used [0x00000006c0000000,0x00000006c032f860,0x00000006cab00000)
 Metaspace       used 20232K, capacity 21276K, committed 21296K, reserved 1067008K
  class space    used 2833K, capacity 3111K, committed 3120K, reserved 1048576K
}
Event: 6.267 GC heap before
{Heap before GC invocations=3 (full 1):
 PSYoungGen      total 76288K, used 9636K [0x000000076ab00000, 0x0000000774000000, 0x00000007c0000000)
  eden space 65536K, 0% used [0x000000076ab00000,0x000000076ab00000,0x000000076eb00000)
  from space 10752K, 89% used [0x000000076f580000,0x000000076fee9070,0x0000000770000000)
  to   space 10752K, 0% used [0x000000076eb00000,0x000000076eb00000,0x000000076f580000)
 ParOldGen       total 175104K, used 3262K [0x00000006c0000000, 0x00000006cab00000, 0x000000076ab00000)
  object space 175104K, 1% used [0x00000006c0000000,0x00000006c032f860,0x00000006cab00000)
 Metaspace       used 20232K, capacity 21276K, committed 21296K, reserved 1067008K
  class space    used 2833K, capacity 3111K, committed 3120K, reserved 1048576K
Event: 6.291 GC heap after
Heap after GC invocations=3 (full 1):
 PSYoungGen      total 76288K, used 0K [0x000000076ab00000, 0x0000000774000000, 0x00000007c0000000)
  eden space 65536K, 0% used [0x000000076ab00000,0x000000076ab00000,0x000000076eb00000)
  from space 10752K, 0% used [0x000000076f580000,0x000000076f580000,0x0000000770000000)
  to   space 10752K, 0% used [0x000000076eb00000,0x000000076eb00000,0x000000076f580000)
 ParOldGen       total 90624K, used 10462K [0x00000006c0000000, 0x00000006c5880000, 0x000000076ab00000)
  object space 90624K, 11% used [0x00000006c0000000,0x00000006c0a37a60,0x00000006c5880000)
 Metaspace       used 20232K, capacity 21276K, committed 21296K, reserved 1067008K
  class space    used 2833K, capacity 3111K, committed 3120K, reserved 1048576K
}
Event: 65.747 GC heap before
{Heap before GC invocations=4 (full 1):
 PSYoungGen      total 76288K, used 65536K [0x000000076ab00000, 0x0000000774000000, 0x00000007c0000000)
  eden space 65536K, 100% used [0x000000076ab00000,0x000000076eb00000,0x000000076eb00000)
  from space 10752K, 0% used [0x000000076f580000,0x000000076f580000,0x0000000770000000)
  to   space 10752K, 0% used [0x000000076eb00000,0x000000076eb00000,0x000000076f580000)
 ParOldGen       total 90624K, used 10462K [0x00000006c0000000, 0x00000006c5880000, 0x000000076ab00000)
  object space 90624K, 11% used [0x00000006c0000000,0x00000006c0a37a90,0x00000006c5880000)
 Metaspace       used 23218K, capacity 24582K, committed 24752K, reserved 1071104K
  class space    used 3094K, capacity 3400K, committed 3504K, reserved 1048576K
Event: 65.760 GC heap after
Heap after GC invocations=4 (full 1):
 PSYoungGen      total 76288K, used 6768K [0x000000076ab00000, 0x0000000773000000, 0x00000007c0000000)
  eden space 65536K, 0% used [0x000000076ab00000,0x000000076ab00000,0x000000076eb00000)
  from space 10752K, 62% used [0x000000076eb00000,0x000000076f19c010,0x000000076f580000)
  to   space 10752K, 0% used [0x0000000772580000,0x0000000772580000,0x0000000773000000)
 ParOldGen       total 90624K, used 10462K [0x00000006c0000000, 0x00000006c5880000, 0x000000076ab00000)
  object space 90624K, 11% used [0x00000006c0000000,0x00000006c0a37a90,0x00000006c5880000)
 Metaspace       used 23218K, capacity 24582K, committed 24752K, reserved 1071104K
  class space    used 3094K, capacity 3400K, committed 3504K, reserved 1048576K
}
Event: 102.464 GC heap before
{Heap before GC invocations=5 (full 1):
 PSYoungGen      total 76288K, used 72304K [0x000000076ab00000, 0x0000000773000000, 0x00000007c0000000)
  eden space 65536K, 100% used [0x000000076ab00000,0x000000076eb00000,0x000000076eb00000)
  from space 10752K, 62% used [0x000000076eb00000,0x000000076f19c010,0x000000076f580000)
  to   space 10752K, 0% used [0x0000000772580000,0x0000000772580000,0x0000000773000000)
 ParOldGen       total 90624K, used 21305K [0x00000006c0000000, 0x00000006c5880000, 0x000000076ab00000)
  object space 90624K, 23% used [0x00000006c0000000,0x00000006c14ce770,0x00000006c5880000)
 Metaspace       used 23463K, capacity 24896K, committed 25008K, reserved 1071104K
  class space    used 3100K, capacity 3409K, committed 3504K, reserved 1048576K
Event: 102.473 GC heap after
Heap after GC invocations=5 (full 1):
 PSYoungGen      total 119296K, used 7728K [0x000000076ab00000, 0x0000000772d80000, 0x00000007c0000000)
  eden space 111104K, 0% used [0x000000076ab00000,0x000000076ab00000,0x0000000771780000)
  from space 8192K, 94% used [0x0000000772580000,0x0000000772d0c010,0x0000000772d80000)
  to   space 10752K, 0% used [0x0000000771880000,0x0000000771880000,0x0000000772300000)
 ParOldGen       total 90624K, used 21305K [0x00000006c0000000, 0x00000006c5880000, 0x000000076ab00000)
  object space 90624K, 23% used [0x00000006c0000000,0x00000006c14ce770,0x00000006c5880000)
 Metaspace       used 23463K, capacity 24896K, committed 25008K, reserved 1071104K
  class space    used 3100K, capacity 3409K, committed 3504K, reserved 1048576K
}

