# JRE version: Java(TM) SE Runtime Environment (8.0_202-b08) (build 1.8.0_202-b08)
# Java VM: Java HotSpot(TM) 64-Bit Server VM (25.202-b08 mixed mode bsd-amd64 compressed oops)
Heap:
 PSYoungGen      total 76288K, used 17740K [0x000000076ab00000, 0x0000000770000000, 0x00000007c0000000)
  eden space 65536K, 27% used [0x000000076ab00000,0x000000076bc53048,0x000000076eb00000)
  from space 10752K, 0% used [0x000000076eb00000,0x000000076eb00000,0x000000076f580000)
  to   space 10752K, 0% used [0x000000076f580000,0x000000076f580000,0x0000000770000000)
 ParOldGen       total 105984K, used 11097K [0x00000006c0000000, 0x00000006c6780000, 0x000000076ab00000)
  object space 105984K, 10% used [0x00000006c0000000,0x00000006c0ad6528,0x00000006c6780000)
 Metaspace       used 21958K, capacity 23454K, committed 23680K, reserved 1069056K
  class space    used 3129K, capacity 3444K, committed 3456K, reserved 1048576K
GC Heap History (4 events):
Event: 4.117 GC heap before
{Heap before GC invocations=1 (full 0):
 PSYoungGen      total 76288K, used 56929K [0x000000076ab00000, 0x0000000770000000, 0x00000007c0000000)
  eden space 65536K, 86% used [0x000000076ab00000,0x000000076e298468,0x000000076eb00000)
  from space 10752K, 0% used [0x000000076f580000,0x000000076f580000,0x0000000770000000)
  to   space 10752K, 0% used [0x000000076eb00000,0x000000076eb00000,0x000000076f580000)
 ParOldGen       total 175104K, used 0K [0x00000006c0000000, 0x00000006cab00000, 0x000000076ab00000)
  object space 175104K, 0% used [0x00000006c0000000,0x00000006c0000000,0x00000006cab00000)
 Metaspace       used 20095K, capacity 21266K, committed 21296K, reserved 1067008K
  class space    used 2912K, capacity 3198K, committed 3200K, reserved 1048576K
Event: 4.153 GC heap after
Heap after GC invocations=1 (full 0):
 PSYoungGen      total 76288K, used 10728K [0x000000076ab00000, 0x0000000770000000, 0x00000007c0000000)
  eden space 65536K, 0% used [0x000000076ab00000,0x000000076ab00000,0x000000076eb00000)
  from space 10752K, 99% used [0x000000076eb00000,0x000000076f57a2e0,0x000000076f580000)
  to   space 10752K, 0% used [0x000000076f580000,0x000000076f580000,0x0000000770000000)
 ParOldGen       total 175104K, used 2421K [0x00000006c0000000, 0x00000006cab00000, 0x000000076ab00000)
  object space 175104K, 1% used [0x00000006c0000000,0x00000006c025d510,0x00000006cab00000)
 Metaspace       used 20095K, capacity 21266K, committed 21296K, reserved 1067008K
  class space    used 2912K, capacity 3198K, committed 3200K, reserved 1048576K
}
Event: 4.153 GC heap before
{Heap before GC invocations=2 (full 1):
 PSYoungGen      total 76288K, used 10728K [0x000000076ab00000, 0x0000000770000000, 0x00000007c0000000)
  eden space 65536K, 0% used [0x000000076ab00000,0x000000076ab00000,0x000000076eb00000)
  from space 10752K, 99% used [0x000000076eb00000,0x000000076f57a2e0,0x000000076f580000)
  to   space 10752K, 0% used [0x000000076f580000,0x000000076f580000,0x0000000770000000)
 ParOldGen       total 175104K, used 2421K [0x00000006c0000000, 0x00000006cab00000, 0x000000076ab00000)
  object space 175104K, 1% used [0x00000006c0000000,0x00000006c025d510,0x00000006cab00000)
 Metaspace       used 20095K, capacity 21266K, committed 21296K, reserved 1067008K
  class space    used 2912K, capacity 3198K, committed 3200K, reserved 1048576K
Event: 4.177 GC heap after
Heap after GC invocations=2 (full 1):
 PSYoungGen      total 76288K, used 0K [0x000000076ab00000, 0x0000000770000000, 0x00000007c0000000)
  eden space 65536K, 0% used [0x000000076ab00000,0x000000076ab00000,0x000000076eb00000)
  from space 10752K, 0% used [0x000000076eb00000,0x000000076eb00000,0x000000076f580000)
  to   space 10752K, 0% used [0x000000076f580000,0x000000076f580000,0x0000000770000000)
 ParOldGen       total 105984K, used 11097K [0x00000006c0000000, 0x00000006c6780000, 0x000000076ab00000)
  object space 105984K, 10% used [0x00000006c0000000,0x00000006c0ad6528,0x00000006c6780000)
 Metaspace       used 20095K, capacity 21266K, committed 21296K, reserved 1067008K
  class space    used 2912K, capacity 3198K, committed 3200K, reserved 1048576K
}

