# JRE version: Java(TM) SE Runtime Environment (8.0_202-b08) (build 1.8.0_202-b08)
# Java VM: Java HotSpot(TM) 64-Bit Server VM (25.202-b08 mixed mode bsd-amd64 compressed oops)
Heap:
 PSYoungGen      total 76288K, used 25338K [0x000000076ab00000, 0x0000000770000000, 0x00000007c0000000)
  eden space 65536K, 38% used [0x000000076ab00000,0x000000076c3be870,0x000000076eb00000)
  from space 10752K, 0% used [0x000000076eb00000,0x000000076eb00000,0x000000076f580000)
  to   space 10752K, 0% used [0x000000076f580000,0x000000076f580000,0x0000000770000000)
 ParOldGen       total 99840K, used 9563K [0x00000006c0000000, 0x00000006c6180000, 0x000000076ab00000)
  object space 99840K, 9% used [0x00000006c0000000,0x00000006c0956e38,0x00000006c6180000)
 Metaspace       used 22914K, capacity 24460K, committed 24576K, reserved 1071104K
  class space    used 3194K, capacity 3531K, committed 3584K, reserved 1048576K
GC Heap History (4 events):
Event: 4.281 GC heap before
{Heap before GC invocations=1 (full 0):
 PSYoungGen      total 76288K, used 58245K [0x000000076ab00000, 0x0000000770000000, 0x00000007c0000000)
  eden space 65536K, 88% used [0x000000076ab00000,0x000000076e3e1758,0x000000076eb00000)
  from space 10752K, 0% used [0x000000076f580000,0x000000076f580000,0x0000000770000000)
  to   space 10752K, 0% used [0x000000076eb00000,0x000000076eb00000,0x000000076f580000)
 ParOldGen       total 175104K, used 0K [0x00000006c0000000, 0x00000006cab00000, 0x000000076ab00000)
  object space 175104K, 0% used [0x00000006c0000000,0x00000006c0000000,0x00000006cab00000)
 Metaspace       used 19934K, capacity 21106K, committed 21296K, reserved 1067008K
  class space    used 2902K, capacity 3174K, committed 3200K, reserved 1048576K
Event: 4.317 GC heap after
Heap after GC invocations=1 (full 0):
 PSYoungGen      total 76288K, used 10728K [0x000000076ab00000, 0x0000000770000000, 0x00000007c0000000)
  eden space 65536K, 0% used [0x000000076ab00000,0x000000076ab00000,0x000000076eb00000)
  from space 10752K, 99% used [0x000000076eb00000,0x000000076f57a300,0x000000076f580000)
  to   space 10752K, 0% used [0x000000076f580000,0x000000076f580000,0x0000000770000000)
 ParOldGen       total 175104K, used 878K [0x00000006c0000000, 0x00000006cab00000, 0x000000076ab00000)
  object space 175104K, 0% used [0x00000006c0000000,0x00000006c00db8d0,0x00000006cab00000)
 Metaspace       used 19934K, capacity 21106K, committed 21296K, reserved 1067008K
  class space    used 2902K, capacity 3174K, committed 3200K, reserved 1048576K
}
Event: 4.318 GC heap before
{Heap before GC invocations=2 (full 1):
 PSYoungGen      total 76288K, used 10728K [0x000000076ab00000, 0x0000000770000000, 0x00000007c0000000)
  eden space 65536K, 0% used [0x000000076ab00000,0x000000076ab00000,0x000000076eb00000)
  from space 10752K, 99% used [0x000000076eb00000,0x000000076f57a300,0x000000076f580000)
  to   space 10752K, 0% used [0x000000076f580000,0x000000076f580000,0x0000000770000000)
 ParOldGen       total 175104K, used 878K [0x00000006c0000000, 0x00000006cab00000, 0x000000076ab00000)
  object space 175104K, 0% used [0x00000006c0000000,0x00000006c00db8d0,0x00000006cab00000)
 Metaspace       used 19934K, capacity 21106K, committed 21296K, reserved 1067008K
  class space    used 2902K, capacity 3174K, committed 3200K, reserved 1048576K
Event: 4.338 GC heap after
Heap after GC invocations=2 (full 1):
 PSYoungGen      total 76288K, used 0K [0x000000076ab00000, 0x0000000770000000, 0x00000007c0000000)
  eden space 65536K, 0% used [0x000000076ab00000,0x000000076ab00000,0x000000076eb00000)
  from space 10752K, 0% used [0x000000076eb00000,0x000000076eb00000,0x000000076f580000)
  to   space 10752K, 0% used [0x000000076f580000,0x000000076f580000,0x0000000770000000)
 ParOldGen       total 99840K, used 9563K [0x00000006c0000000, 0x00000006c6180000, 0x000000076ab00000)
  object space 99840K, 9% used [0x00000006c0000000,0x00000006c0956e38,0x00000006c6180000)
 Metaspace       used 19934K, capacity 21106K, committed 21296K, reserved 1067008K
  class space    used 2902K, capacity 3174K, committed 3200K, reserved 1048576K
}

