# JRE version: Java(TM) SE Runtime Environment (8.0_202-b08) (build 1.8.0_202-b08)
# Java VM: Java HotSpot(TM) 64-Bit Server VM (25.202-b08 mixed mode bsd-amd64 compressed oops)
Heap:
 PSYoungGen      total 76288K, used 14854K [0x000000076ab00000, 0x0000000770000000, 0x00000007c0000000)
  eden space 65536K, 17% used [0x000000076ab00000,0x000000076b5e9b18,0x000000076eb00000)
  from space 10752K, 34% used [0x000000076eb00000,0x000000076ee98000,0x000000076f580000)
  to   space 10752K, 0% used [0x000000076f580000,0x000000076f580000,0x0000000770000000)
 ParOldGen       total 74752K, used 8771K [0x00000006c0000000, 0x00000006c4900000, 0x000000076ab00000)
  object space 74752K, 11% used [0x00000006c0000000,0x00000006c0890f48,0x00000006c4900000)
 Metaspace       used 23187K, capacity 24520K, committed 24700K, reserved 1071104K
  class space    used 3095K, capacity 3383K, committed 3452K, reserved 1048576K
GC Heap History (8 events):
Event: 26.116 GC heap before
{Heap before GC invocations=1 (full 0):
 PSYoungGen      total 76288K, used 59737K [0x000000076ab00000, 0x0000000770000000, 0x00000007c0000000)
  eden space 65536K, 91% used [0x000000076ab00000,0x000000076e5567c8,0x000000076eb00000)
  from space 10752K, 0% used [0x000000076f580000,0x000000076f580000,0x0000000770000000)
  to   space 10752K, 0% used [0x000000076eb00000,0x000000076eb00000,0x000000076f580000)
 ParOldGen       total 175104K, used 0K [0x00000006c0000000, 0x00000006cab00000, 0x000000076ab00000)
  object space 175104K, 0% used [0x00000006c0000000,0x00000006c0000000,0x00000006cab00000)
 Metaspace       used 20253K, capacity 21228K, committed 21504K, reserved 1067008K
  class space    used 2772K, capacity 3043K, committed 3072K, reserved 1048576K
Event: 26.172 GC heap after
Heap after GC invocations=1 (full 0):
 PSYoungGen      total 76288K, used 9344K [0x000000076ab00000, 0x0000000770000000, 0x00000007c0000000)
  eden space 65536K, 0% used [0x000000076ab00000,0x000000076ab00000,0x000000076eb00000)
  from space 10752K, 86% used [0x000000076eb00000,0x000000076f420308,0x000000076f580000)
  to   space 10752K, 0% used [0x000000076f580000,0x000000076f580000,0x0000000770000000)
 ParOldGen       total 175104K, used 8K [0x00000006c0000000, 0x00000006cab00000, 0x000000076ab00000)
  object space 175104K, 0% used [0x00000006c0000000,0x00000006c0002000,0x00000006cab00000)
 Metaspace       used 20253K, capacity 21228K, committed 21504K, reserved 1067008K
  class space    used 2772K, capacity 3043K, committed 3072K, reserved 1048576K
}
Event: 39.713 GC heap before
{Heap before GC invocations=2 (full 0):
 PSYoungGen      total 76288K, used 16576K [0x000000076ab00000, 0x0000000770000000, 0x00000007c0000000)
  eden space 65536K, 11% used [0x000000076ab00000,0x000000076b20fdb0,0x000000076eb00000)
  from space 10752K, 86% used [0x000000076eb00000,0x000000076f420308,0x000000076f580000)
  to   space 10752K, 0% used [0x000000076f580000,0x000000076f580000,0x0000000770000000)
 ParOldGen       total 175104K, used 8K [0x00000006c0000000, 0x00000006cab00000, 0x000000076ab00000)
  object space 175104K, 0% used [0x00000006c0000000,0x00000006c0002000,0x00000006cab00000)
 Metaspace       used 20521K, capacity 21482K, committed 21628K, reserved 1067008K
  class space    used 2804K, capacity 3080K, committed 3196K, reserved 1048576K
Event: 39.756 GC heap after
Heap after GC invocations=2 (full 0):
 PSYoungGen      total 76288K, used 10731K [0x000000076ab00000, 0x0000000770000000, 0x00000007c0000000)
  eden space 65536K, 0% used [0x000000076ab00000,0x000000076ab00000,0x000000076eb00000)
  from space 10752K, 99% used [0x000000076f580000,0x000000076fffac70,0x0000000770000000)
  to   space 10752K, 0% used [0x000000076eb00000,0x000000076eb00000,0x000000076f580000)
 ParOldGen       total 175104K, used 87K [0x00000006c0000000, 0x00000006cab00000, 0x000000076ab00000)
  object space 175104K, 0% used [0x00000006c0000000,0x00000006c0015c90,0x00000006cab00000)
 Metaspace       used 20521K, capacity 21482K, committed 21628K, reserved 1067008K
  class space    used 2804K, capacity 3080K, committed 3196K, reserved 1048576K
}
Event: 39.757 GC heap before
{Heap before GC invocations=3 (full 1):
 PSYoungGen      total 76288K, used 10731K [0x000000076ab00000, 0x0000000770000000, 0x00000007c0000000)
  eden space 65536K, 0% used [0x000000076ab00000,0x000000076ab00000,0x000000076eb00000)
  from space 10752K, 99% used [0x000000076f580000,0x000000076fffac70,0x0000000770000000)
  to   space 10752K, 0% used [0x000000076eb00000,0x000000076eb00000,0x000000076f580000)
 ParOldGen       total 175104K, used 87K [0x00000006c0000000, 0x00000006cab00000, 0x000000076ab00000)
  object space 175104K, 0% used [0x00000006c0000000,0x00000006c0015c90,0x00000006cab00000)
 Metaspace       used 20521K, capacity 21482K, committed 21628K, reserved 1067008K
  class space    used 2804K, capacity 3080K, committed 3196K, reserved 1048576K
Event: 39.779 GC heap after
Heap after GC invocations=3 (full 1):
 PSYoungGen      total 76288K, used 0K [0x000000076ab00000, 0x0000000770000000, 0x00000007c0000000)
  eden space 65536K, 0% used [0x000000076ab00000,0x000000076ab00000,0x000000076eb00000)
  from space 10752K, 0% used [0x000000076f580000,0x000000076f580000,0x0000000770000000)
  to   space 10752K, 0% used [0x000000076eb00000,0x000000076eb00000,0x000000076f580000)
 ParOldGen       total 74752K, used 8771K [0x00000006c0000000, 0x00000006c4900000, 0x000000076ab00000)
  object space 74752K, 11% used [0x00000006c0000000,0x00000006c0890f48,0x00000006c4900000)
 Metaspace       used 20521K, capacity 21482K, committed 21628K, reserved 1067008K
  class space    used 2804K, capacity 3080K, committed 3196K, reserved 1048576K
}
Event: 187.738 GC heap before
{Heap before GC invocations=4 (full 1):
 PSYoungGen      total 76288K, used 65536K [0x000000076ab00000, 0x0000000770000000, 0x00000007c0000000)
  eden space 65536K, 100% used [0x000000076ab00000,0x000000076eb00000,0x000000076eb00000)
  from space 10752K, 0% used [0x000000076f580000,0x000000076f580000,0x0000000770000000)
  to   space 10752K, 0% used [0x000000076eb00000,0x000000076eb00000,0x000000076f580000)
 ParOldGen       total 74752K, used 8771K [0x00000006c0000000, 0x00000006c4900000, 0x000000076ab00000)
  object space 74752K, 11% used [0x00000006c0000000,0x00000006c0890f48,0x00000006c4900000)
 Metaspace       used 22792K, capacity 23986K, committed 24060K, reserved 1071104K
  class space    used 3014K, capacity 3294K, committed 3324K, reserved 1048576K
Event: 187.746 GC heap after
Heap after GC invocations=4 (full 1):
 PSYoungGen      total 76288K, used 3680K [0x000000076ab00000, 0x0000000770000000, 0x00000007c0000000)
  eden space 65536K, 0% used [0x000000076ab00000,0x000000076ab00000,0x000000076eb00000)
  from space 10752K, 34% used [0x000000076eb00000,0x000000076ee98000,0x000000076f580000)
  to   space 10752K, 0% used [0x000000076f580000,0x000000076f580000,0x0000000770000000)
 ParOldGen       total 74752K, used 8771K [0x00000006c0000000, 0x00000006c4900000, 0x000000076ab00000)
  object space 74752K, 11% used [0x00000006c0000000,0x00000006c0890f48,0x00000006c4900000)
 Metaspace       used 22792K, capacity 23986K, committed 24060K, reserved 1071104K
  class space    used 3014K, capacity 3294K, committed 3324K, reserved 1048576K
}

